ERROR - 2021-12-15 00:00:16 --> You have an error in your SQL syntax; check the manual that corresponds to your MariaDB server version for the right syntax to use near '' at line 1
ERROR - 2021-12-15 00:03:59 --> You have an error in your SQL syntax; check the manual that corresponds to your MariaDB server version for the right syntax to use near '' at line 1
ERROR - 2021-12-15 00:04:16 --> You have an error in your SQL syntax; check the manual that corresponds to your MariaDB server version for the right syntax to use near '' at line 1
CRITICAL - 2021-12-15 01:08:45 --> Call to undefined function form_open()
#0 C:\xampp\htdocs\coralistest\system\View\View.php(214): include()
#1 C:\xampp\htdocs\coralistest\system\View\View.php(217): CodeIgniter\View\View->CodeIgniter\View\{closure}()
#2 C:\xampp\htdocs\coralistest\system\Common.php(1097): CodeIgniter\View\View->render('pages/v_login', Array, true)
#3 C:\xampp\htdocs\coralistest\app\Controllers\Home.php(9): view('pages/v_login')
#4 C:\xampp\htdocs\coralistest\system\CodeIgniter.php(824): App\Controllers\Home->index()
#5 C:\xampp\htdocs\coralistest\system\CodeIgniter.php(410): CodeIgniter\CodeIgniter->runController(Object(App\Controllers\Home))
#6 C:\xampp\htdocs\coralistest\system\CodeIgniter.php(318): CodeIgniter\CodeIgniter->handleRequest(NULL, Object(Config\Cache), false)
#7 C:\xampp\htdocs\coralistest\public\index.php(37): CodeIgniter\CodeIgniter->run()
#8 C:\xampp\htdocs\coralistest\system\Commands\Server\rewrite.php(43): require_once('C:\\xampp\\htdocs...')
#9 {main}
CRITICAL - 2021-12-15 01:09:07 --> Call to undefined function form_open()
#0 C:\xampp\htdocs\coralistest\system\View\View.php(214): include()
#1 C:\xampp\htdocs\coralistest\system\View\View.php(217): CodeIgniter\View\View->CodeIgniter\View\{closure}()
#2 C:\xampp\htdocs\coralistest\system\Common.php(1097): CodeIgniter\View\View->render('pages/v_login', Array, true)
#3 C:\xampp\htdocs\coralistest\app\Controllers\Home.php(9): view('pages/v_login')
#4 C:\xampp\htdocs\coralistest\system\CodeIgniter.php(824): App\Controllers\Home->index()
#5 C:\xampp\htdocs\coralistest\system\CodeIgniter.php(410): CodeIgniter\CodeIgniter->runController(Object(App\Controllers\Home))
#6 C:\xampp\htdocs\coralistest\system\CodeIgniter.php(318): CodeIgniter\CodeIgniter->handleRequest(NULL, Object(Config\Cache), false)
#7 C:\xampp\htdocs\coralistest\public\index.php(37): CodeIgniter\CodeIgniter->run()
#8 C:\xampp\htdocs\coralistest\system\Commands\Server\rewrite.php(43): require_once('C:\\xampp\\htdocs...')
#9 {main}
CRITICAL - 2021-12-15 01:09:27 --> Call to undefined function form_open()
#0 C:\xampp\htdocs\coralistest\system\View\View.php(214): include()
#1 C:\xampp\htdocs\coralistest\system\View\View.php(217): CodeIgniter\View\View->CodeIgniter\View\{closure}()
#2 C:\xampp\htdocs\coralistest\system\Common.php(1097): CodeIgniter\View\View->render('pages/v_login', Array, true)
#3 C:\xampp\htdocs\coralistest\app\Controllers\Home.php(9): view('pages/v_login')
#4 C:\xampp\htdocs\coralistest\system\CodeIgniter.php(824): App\Controllers\Home->index()
#5 C:\xampp\htdocs\coralistest\system\CodeIgniter.php(410): CodeIgniter\CodeIgniter->runController(Object(App\Controllers\Home))
#6 C:\xampp\htdocs\coralistest\system\CodeIgniter.php(318): CodeIgniter\CodeIgniter->handleRequest(NULL, Object(Config\Cache), false)
#7 C:\xampp\htdocs\coralistest\public\index.php(37): CodeIgniter\CodeIgniter->run()
#8 C:\xampp\htdocs\coralistest\system\Commands\Server\rewrite.php(43): require_once('C:\\xampp\\htdocs...')
#9 {main}
CRITICAL - 2021-12-15 01:10:04 --> Invalid file: auth/v_login.php
#0 C:\xampp\htdocs\coralistest\system\View\View.php(198): CodeIgniter\Exceptions\FrameworkException::forInvalidFile('auth/v_login.ph...')
#1 C:\xampp\htdocs\coralistest\system\Common.php(1097): CodeIgniter\View\View->render('auth/v_login', Array, true)
#2 C:\xampp\htdocs\coralistest\app\Controllers\Login.php(25): view('auth/v_login', Array)
#3 C:\xampp\htdocs\coralistest\system\CodeIgniter.php(824): App\Controllers\Login->index()
#4 C:\xampp\htdocs\coralistest\system\CodeIgniter.php(410): CodeIgniter\CodeIgniter->runController(Object(App\Controllers\Login))
#5 C:\xampp\htdocs\coralistest\system\CodeIgniter.php(318): CodeIgniter\CodeIgniter->handleRequest(NULL, Object(Config\Cache), false)
#6 C:\xampp\htdocs\coralistest\public\index.php(37): CodeIgniter\CodeIgniter->run()
#7 C:\xampp\htdocs\coralistest\system\Commands\Server\rewrite.php(43): require_once('C:\\xampp\\htdocs...')
#8 {main}
CRITICAL - 2021-12-15 01:10:30 --> Invalid file: auth/v_login.php
#0 C:\xampp\htdocs\coralistest\system\View\View.php(198): CodeIgniter\Exceptions\FrameworkException::forInvalidFile('auth/v_login.ph...')
#1 C:\xampp\htdocs\coralistest\system\Common.php(1097): CodeIgniter\View\View->render('auth/v_login', Array, true)
#2 C:\xampp\htdocs\coralistest\app\Controllers\Login.php(25): view('auth/v_login', Array)
#3 C:\xampp\htdocs\coralistest\system\CodeIgniter.php(824): App\Controllers\Login->index()
#4 C:\xampp\htdocs\coralistest\system\CodeIgniter.php(410): CodeIgniter\CodeIgniter->runController(Object(App\Controllers\Login))
#5 C:\xampp\htdocs\coralistest\system\CodeIgniter.php(318): CodeIgniter\CodeIgniter->handleRequest(NULL, Object(Config\Cache), false)
#6 C:\xampp\htdocs\coralistest\public\index.php(37): CodeIgniter\CodeIgniter->run()
#7 C:\xampp\htdocs\coralistest\system\Commands\Server\rewrite.php(43): require_once('C:\\xampp\\htdocs...')
#8 {main}
CRITICAL - 2021-12-15 01:11:05 --> Invalid file: auth/v_login.php
#0 C:\xampp\htdocs\coralistest\system\View\View.php(198): CodeIgniter\Exceptions\FrameworkException::forInvalidFile('auth/v_login.ph...')
#1 C:\xampp\htdocs\coralistest\system\Common.php(1097): CodeIgniter\View\View->render('auth/v_login', Array, true)
#2 C:\xampp\htdocs\coralistest\app\Controllers\Login.php(25): view('auth/v_login', Array)
#3 C:\xampp\htdocs\coralistest\system\CodeIgniter.php(824): App\Controllers\Login->index()
#4 C:\xampp\htdocs\coralistest\system\CodeIgniter.php(410): CodeIgniter\CodeIgniter->runController(Object(App\Controllers\Login))
#5 C:\xampp\htdocs\coralistest\system\CodeIgniter.php(318): CodeIgniter\CodeIgniter->handleRequest(NULL, Object(Config\Cache), false)
#6 C:\xampp\htdocs\coralistest\public\index.php(37): CodeIgniter\CodeIgniter->run()
#7 C:\xampp\htdocs\coralistest\system\Commands\Server\rewrite.php(43): require_once('C:\\xampp\\htdocs...')
#8 {main}
CRITICAL - 2021-12-15 01:11:21 --> Invalid argument supplied for foreach()
#0 C:\xampp\htdocs\coralistest\app\Views\Pages\v_login.php(26): CodeIgniter\Debug\Exceptions->errorHandler(2, 'Invalid argumen...', 'C:\\xampp\\htdocs...', 26, Array)
#1 C:\xampp\htdocs\coralistest\system\View\View.php(214): include('C:\\xampp\\htdocs...')
#2 C:\xampp\htdocs\coralistest\system\View\View.php(217): CodeIgniter\View\View->CodeIgniter\View\{closure}()
#3 C:\xampp\htdocs\coralistest\system\Common.php(1097): CodeIgniter\View\View->render('pages/v_login', Array, true)
#4 C:\xampp\htdocs\coralistest\app\Controllers\Login.php(25): view('pages/v_login', Array)
#5 C:\xampp\htdocs\coralistest\system\CodeIgniter.php(824): App\Controllers\Login->index()
#6 C:\xampp\htdocs\coralistest\system\CodeIgniter.php(410): CodeIgniter\CodeIgniter->runController(Object(App\Controllers\Login))
#7 C:\xampp\htdocs\coralistest\system\CodeIgniter.php(318): CodeIgniter\CodeIgniter->handleRequest(NULL, Object(Config\Cache), false)
#8 C:\xampp\htdocs\coralistest\public\index.php(37): CodeIgniter\CodeIgniter->run()
#9 C:\xampp\htdocs\coralistest\system\Commands\Server\rewrite.php(43): require_once('C:\\xampp\\htdocs...')
#10 {main}
CRITICAL - 2021-12-15 01:11:49 --> Invalid file: dashboard.php
#0 C:\xampp\htdocs\coralistest\system\View\View.php(198): CodeIgniter\Exceptions\FrameworkException::forInvalidFile('dashboard.php')
#1 C:\xampp\htdocs\coralistest\system\Common.php(1097): CodeIgniter\View\View->render('dashboard', Array, true)
#2 C:\xampp\htdocs\coralistest\app\Controllers\Dashboard.php(15): view('dashboard', Array)
#3 C:\xampp\htdocs\coralistest\system\CodeIgniter.php(824): App\Controllers\Dashboard->index()
#4 C:\xampp\htdocs\coralistest\system\CodeIgniter.php(410): CodeIgniter\CodeIgniter->runController(Object(App\Controllers\Dashboard))
#5 C:\xampp\htdocs\coralistest\system\CodeIgniter.php(318): CodeIgniter\CodeIgniter->handleRequest(NULL, Object(Config\Cache), false)
#6 C:\xampp\htdocs\coralistest\public\index.php(37): CodeIgniter\CodeIgniter->run()
#7 C:\xampp\htdocs\coralistest\system\Commands\Server\rewrite.php(43): require_once('C:\\xampp\\htdocs...')
#8 {main}
CRITICAL - 2021-12-15 02:38:30 --> A non-numeric value encountered
#0 C:\xampp\htdocs\coralistest\app\Views\Pages\v_register.php(15): CodeIgniter\Debug\Exceptions->errorHandler(2, 'A non-numeric v...', 'C:\\xampp\\htdocs...', 15, Array)
#1 C:\xampp\htdocs\coralistest\system\View\View.php(214): include('C:\\xampp\\htdocs...')
#2 C:\xampp\htdocs\coralistest\system\View\View.php(217): CodeIgniter\View\View->CodeIgniter\View\{closure}()
#3 C:\xampp\htdocs\coralistest\system\Common.php(1097): CodeIgniter\View\View->render('pages/v_registe...', Array, true)
#4 C:\xampp\htdocs\coralistest\app\Controllers\Register.php(22): view('pages/v_registe...', Array)
#5 C:\xampp\htdocs\coralistest\system\CodeIgniter.php(824): App\Controllers\Register->index()
#6 C:\xampp\htdocs\coralistest\system\CodeIgniter.php(410): CodeIgniter\CodeIgniter->runController(Object(App\Controllers\Register))
#7 C:\xampp\htdocs\coralistest\system\CodeIgniter.php(318): CodeIgniter\CodeIgniter->handleRequest(NULL, Object(Config\Cache), false)
#8 C:\xampp\htdocs\coralistest\public\index.php(37): CodeIgniter\CodeIgniter->run()
#9 C:\xampp\htdocs\coralistest\system\Commands\Server\rewrite.php(43): require_once('C:\\xampp\\htdocs...')
#10 {main}
CRITICAL - 2021-12-15 02:40:37 --> Call to undefined function form_open()
#0 C:\xampp\htdocs\coralistest\system\View\View.php(214): include()
#1 C:\xampp\htdocs\coralistest\system\View\View.php(217): CodeIgniter\View\View->CodeIgniter\View\{closure}()
#2 C:\xampp\htdocs\coralistest\system\Common.php(1097): CodeIgniter\View\View->render('pages/v_login', Array, true)
#3 C:\xampp\htdocs\coralistest\app\Controllers\Home.php(9): view('pages/v_login')
#4 C:\xampp\htdocs\coralistest\system\CodeIgniter.php(824): App\Controllers\Home->index()
#5 C:\xampp\htdocs\coralistest\system\CodeIgniter.php(410): CodeIgniter\CodeIgniter->runController(Object(App\Controllers\Home))
#6 C:\xampp\htdocs\coralistest\system\CodeIgniter.php(318): CodeIgniter\CodeIgniter->handleRequest(NULL, Object(Config\Cache), false)
#7 C:\xampp\htdocs\coralistest\public\index.php(37): CodeIgniter\CodeIgniter->run()
#8 C:\xampp\htdocs\coralistest\system\Commands\Server\rewrite.php(43): require_once('C:\\xampp\\htdocs...')
#9 {main}
CRITICAL - 2021-12-15 03:05:45 --> Undefined variable: i
#0 C:\xampp\htdocs\coralistest\app\Views\Pages\v_login.php(8): CodeIgniter\Debug\Exceptions->errorHandler(8, 'Undefined varia...', 'C:\\xampp\\htdocs...', 8, Array)
#1 C:\xampp\htdocs\coralistest\system\View\View.php(214): include('C:\\xampp\\htdocs...')
#2 C:\xampp\htdocs\coralistest\system\View\View.php(217): CodeIgniter\View\View->CodeIgniter\View\{closure}()
#3 C:\xampp\htdocs\coralistest\system\Common.php(1097): CodeIgniter\View\View->render('pages/v_login', Array, true)
#4 C:\xampp\htdocs\coralistest\app\Controllers\Login.php(25): view('pages/v_login', Array)
#5 C:\xampp\htdocs\coralistest\system\CodeIgniter.php(824): App\Controllers\Login->index()
#6 C:\xampp\htdocs\coralistest\system\CodeIgniter.php(410): CodeIgniter\CodeIgniter->runController(Object(App\Controllers\Login))
#7 C:\xampp\htdocs\coralistest\system\CodeIgniter.php(318): CodeIgniter\CodeIgniter->handleRequest(NULL, Object(Config\Cache), false)
#8 C:\xampp\htdocs\coralistest\public\index.php(37): CodeIgniter\CodeIgniter->run()
#9 C:\xampp\htdocs\coralistest\system\Commands\Server\rewrite.php(43): require_once('C:\\xampp\\htdocs...')
#10 {main}
CRITICAL - 2021-12-15 03:06:17 --> Undefined variable: i
#0 C:\xampp\htdocs\coralistest\app\Views\Pages\v_login.php(8): CodeIgniter\Debug\Exceptions->errorHandler(8, 'Undefined varia...', 'C:\\xampp\\htdocs...', 8, Array)
#1 C:\xampp\htdocs\coralistest\system\View\View.php(214): include('C:\\xampp\\htdocs...')
#2 C:\xampp\htdocs\coralistest\system\View\View.php(217): CodeIgniter\View\View->CodeIgniter\View\{closure}()
#3 C:\xampp\htdocs\coralistest\system\Common.php(1097): CodeIgniter\View\View->render('pages/v_login', Array, true)
#4 C:\xampp\htdocs\coralistest\app\Controllers\Login.php(25): view('pages/v_login', Array)
#5 C:\xampp\htdocs\coralistest\system\CodeIgniter.php(824): App\Controllers\Login->index()
#6 C:\xampp\htdocs\coralistest\system\CodeIgniter.php(410): CodeIgniter\CodeIgniter->runController(Object(App\Controllers\Login))
#7 C:\xampp\htdocs\coralistest\system\CodeIgniter.php(318): CodeIgniter\CodeIgniter->handleRequest(NULL, Object(Config\Cache), false)
#8 C:\xampp\htdocs\coralistest\public\index.php(37): CodeIgniter\CodeIgniter->run()
#9 C:\xampp\htdocs\coralistest\system\Commands\Server\rewrite.php(43): require_once('C:\\xampp\\htdocs...')
#10 {main}
CRITICAL - 2021-12-15 04:29:12 --> Invalid argument supplied for foreach()
#0 C:\xampp\htdocs\coralistest\app\Views\Pages\v_forgotpassword.php(18): CodeIgniter\Debug\Exceptions->errorHandler(2, 'Invalid argumen...', 'C:\\xampp\\htdocs...', 18, Array)
#1 C:\xampp\htdocs\coralistest\system\View\View.php(214): include('C:\\xampp\\htdocs...')
#2 C:\xampp\htdocs\coralistest\system\View\View.php(217): CodeIgniter\View\View->CodeIgniter\View\{closure}()
#3 C:\xampp\htdocs\coralistest\system\Common.php(1097): CodeIgniter\View\View->render('pages/v_forgotp...', Array, true)
#4 C:\xampp\htdocs\coralistest\app\Controllers\Login.php(85): view('pages/v_forgotp...')
#5 C:\xampp\htdocs\coralistest\system\CodeIgniter.php(824): App\Controllers\Login->forgotPassword()
#6 C:\xampp\htdocs\coralistest\system\CodeIgniter.php(410): CodeIgniter\CodeIgniter->runController(Object(App\Controllers\Login))
#7 C:\xampp\htdocs\coralistest\system\CodeIgniter.php(318): CodeIgniter\CodeIgniter->handleRequest(NULL, Object(Config\Cache), false)
#8 C:\xampp\htdocs\coralistest\public\index.php(37): CodeIgniter\CodeIgniter->run()
#9 C:\xampp\htdocs\coralistest\system\Commands\Server\rewrite.php(43): require_once('C:\\xampp\\htdocs...')
#10 {main}
CRITICAL - 2021-12-15 04:37:13 --> Invalid argument supplied for foreach()
#0 C:\xampp\htdocs\coralistest\app\Views\Pages\v_forgotpassword.php(18): CodeIgniter\Debug\Exceptions->errorHandler(2, 'Invalid argumen...', 'C:\\xampp\\htdocs...', 18, Array)
#1 C:\xampp\htdocs\coralistest\system\View\View.php(214): include('C:\\xampp\\htdocs...')
#2 C:\xampp\htdocs\coralistest\system\View\View.php(217): CodeIgniter\View\View->CodeIgniter\View\{closure}()
#3 C:\xampp\htdocs\coralistest\system\Common.php(1097): CodeIgniter\View\View->render('pages/v_forgotp...', Array, true)
#4 C:\xampp\htdocs\coralistest\app\Controllers\Login.php(85): view('pages/v_forgotp...')
#5 C:\xampp\htdocs\coralistest\system\CodeIgniter.php(824): App\Controllers\Login->forgotPassword()
#6 C:\xampp\htdocs\coralistest\system\CodeIgniter.php(410): CodeIgniter\CodeIgniter->runController(Object(App\Controllers\Login))
#7 C:\xampp\htdocs\coralistest\system\CodeIgniter.php(318): CodeIgniter\CodeIgniter->handleRequest(NULL, Object(Config\Cache), false)
#8 C:\xampp\htdocs\coralistest\public\index.php(37): CodeIgniter\CodeIgniter->run()
#9 C:\xampp\htdocs\coralistest\system\Commands\Server\rewrite.php(43): require_once('C:\\xampp\\htdocs...')
#10 {main}
CRITICAL - 2021-12-15 04:37:20 --> Invalid argument supplied for foreach()
#0 C:\xampp\htdocs\coralistest\app\Views\Pages\v_forgotpassword.php(18): CodeIgniter\Debug\Exceptions->errorHandler(2, 'Invalid argumen...', 'C:\\xampp\\htdocs...', 18, Array)
#1 C:\xampp\htdocs\coralistest\system\View\View.php(214): include('C:\\xampp\\htdocs...')
#2 C:\xampp\htdocs\coralistest\system\View\View.php(217): CodeIgniter\View\View->CodeIgniter\View\{closure}()
#3 C:\xampp\htdocs\coralistest\system\Common.php(1097): CodeIgniter\View\View->render('pages/v_forgotp...', Array, true)
#4 C:\xampp\htdocs\coralistest\app\Controllers\Login.php(85): view('pages/v_forgotp...')
#5 C:\xampp\htdocs\coralistest\system\CodeIgniter.php(824): App\Controllers\Login->forgotPassword()
#6 C:\xampp\htdocs\coralistest\system\CodeIgniter.php(410): CodeIgniter\CodeIgniter->runController(Object(App\Controllers\Login))
#7 C:\xampp\htdocs\coralistest\system\CodeIgniter.php(318): CodeIgniter\CodeIgniter->handleRequest(NULL, Object(Config\Cache), false)
#8 C:\xampp\htdocs\coralistest\public\index.php(37): CodeIgniter\CodeIgniter->run()
#9 C:\xampp\htdocs\coralistest\system\Commands\Server\rewrite.php(43): require_once('C:\\xampp\\htdocs...')
#10 {main}
CRITICAL - 2021-12-15 04:42:03 --> Call to undefined method App\Controllers\Login::getVar()
#0 C:\xampp\htdocs\coralistest\system\CodeIgniter.php(824): App\Controllers\Login->sendResetLink()
#1 C:\xampp\htdocs\coralistest\system\CodeIgniter.php(410): CodeIgniter\CodeIgniter->runController(Object(App\Controllers\Login))
#2 C:\xampp\htdocs\coralistest\system\CodeIgniter.php(318): CodeIgniter\CodeIgniter->handleRequest(NULL, Object(Config\Cache), false)
#3 C:\xampp\htdocs\coralistest\public\index.php(37): CodeIgniter\CodeIgniter->run()
#4 C:\xampp\htdocs\coralistest\system\Commands\Server\rewrite.php(43): require_once('C:\\xampp\\htdocs...')
#5 {main}
CRITICAL - 2021-12-15 04:51:38 --> Invalid argument supplied for foreach()
#0 C:\xampp\htdocs\coralistest\app\Views\Pages\v_forgotpassword.php(18): CodeIgniter\Debug\Exceptions->errorHandler(2, 'Invalid argumen...', 'C:\\xampp\\htdocs...', 18, Array)
#1 C:\xampp\htdocs\coralistest\system\View\View.php(214): include('C:\\xampp\\htdocs...')
#2 C:\xampp\htdocs\coralistest\system\View\View.php(217): CodeIgniter\View\View->CodeIgniter\View\{closure}()
#3 C:\xampp\htdocs\coralistest\system\Common.php(1097): CodeIgniter\View\View->render('pages/v_forgotp...', Array, true)
#4 C:\xampp\htdocs\coralistest\app\Controllers\Login.php(85): view('pages/v_forgotp...')
#5 C:\xampp\htdocs\coralistest\system\CodeIgniter.php(824): App\Controllers\Login->forgotPassword()
#6 C:\xampp\htdocs\coralistest\system\CodeIgniter.php(410): CodeIgniter\CodeIgniter->runController(Object(App\Controllers\Login))
#7 C:\xampp\htdocs\coralistest\system\CodeIgniter.php(318): CodeIgniter\CodeIgniter->handleRequest(NULL, Object(Config\Cache), false)
#8 C:\xampp\htdocs\coralistest\public\index.php(37): CodeIgniter\CodeIgniter->run()
#9 C:\xampp\htdocs\coralistest\system\Commands\Server\rewrite.php(43): require_once('C:\\xampp\\htdocs...')
#10 {main}
CRITICAL - 2021-12-15 04:52:54 --> Invalid argument supplied for foreach()
#0 C:\xampp\htdocs\coralistest\app\Views\Pages\v_forgotpassword.php(18): CodeIgniter\Debug\Exceptions->errorHandler(2, 'Invalid argumen...', 'C:\\xampp\\htdocs...', 18, Array)
#1 C:\xampp\htdocs\coralistest\system\View\View.php(214): include('C:\\xampp\\htdocs...')
#2 C:\xampp\htdocs\coralistest\system\View\View.php(217): CodeIgniter\View\View->CodeIgniter\View\{closure}()
#3 C:\xampp\htdocs\coralistest\system\Common.php(1097): CodeIgniter\View\View->render('pages/v_forgotp...', Array, true)
#4 C:\xampp\htdocs\coralistest\app\Controllers\Login.php(85): view('pages/v_forgotp...')
#5 C:\xampp\htdocs\coralistest\system\CodeIgniter.php(824): App\Controllers\Login->forgotPassword()
#6 C:\xampp\htdocs\coralistest\system\CodeIgniter.php(410): CodeIgniter\CodeIgniter->runController(Object(App\Controllers\Login))
#7 C:\xampp\htdocs\coralistest\system\CodeIgniter.php(318): CodeIgniter\CodeIgniter->handleRequest(NULL, Object(Config\Cache), false)
#8 C:\xampp\htdocs\coralistest\public\index.php(37): CodeIgniter\CodeIgniter->run()
#9 C:\xampp\htdocs\coralistest\system\Commands\Server\rewrite.php(43): require_once('C:\\xampp\\htdocs...')
#10 {main}
CRITICAL - 2021-12-15 04:53:53 --> Invalid argument supplied for foreach()
#0 C:\xampp\htdocs\coralistest\app\Views\Pages\v_forgotpassword.php(18): CodeIgniter\Debug\Exceptions->errorHandler(2, 'Invalid argumen...', 'C:\\xampp\\htdocs...', 18, Array)
#1 C:\xampp\htdocs\coralistest\system\View\View.php(214): include('C:\\xampp\\htdocs...')
#2 C:\xampp\htdocs\coralistest\system\View\View.php(217): CodeIgniter\View\View->CodeIgniter\View\{closure}()
#3 C:\xampp\htdocs\coralistest\system\Common.php(1097): CodeIgniter\View\View->render('pages/v_forgotp...', Array, true)
#4 C:\xampp\htdocs\coralistest\app\Controllers\Login.php(85): view('pages/v_forgotp...')
#5 C:\xampp\htdocs\coralistest\system\CodeIgniter.php(824): App\Controllers\Login->forgotPassword()
#6 C:\xampp\htdocs\coralistest\system\CodeIgniter.php(410): CodeIgniter\CodeIgniter->runController(Object(App\Controllers\Login))
#7 C:\xampp\htdocs\coralistest\system\CodeIgniter.php(318): CodeIgniter\CodeIgniter->handleRequest(NULL, Object(Config\Cache), false)
#8 C:\xampp\htdocs\coralistest\public\index.php(37): CodeIgniter\CodeIgniter->run()
#9 C:\xampp\htdocs\coralistest\system\Commands\Server\rewrite.php(43): require_once('C:\\xampp\\htdocs...')
#10 {main}
CRITICAL - 2021-12-15 04:54:53 --> Invalid argument supplied for foreach()
#0 C:\xampp\htdocs\coralistest\app\Views\Pages\v_forgotpassword.php(18): CodeIgniter\Debug\Exceptions->errorHandler(2, 'Invalid argumen...', 'C:\\xampp\\htdocs...', 18, Array)
#1 C:\xampp\htdocs\coralistest\system\View\View.php(214): include('C:\\xampp\\htdocs...')
#2 C:\xampp\htdocs\coralistest\system\View\View.php(217): CodeIgniter\View\View->CodeIgniter\View\{closure}()
#3 C:\xampp\htdocs\coralistest\system\Common.php(1097): CodeIgniter\View\View->render('pages/v_forgotp...', Array, true)
#4 C:\xampp\htdocs\coralistest\app\Controllers\Login.php(85): view('pages/v_forgotp...')
#5 C:\xampp\htdocs\coralistest\system\CodeIgniter.php(824): App\Controllers\Login->forgotPassword()
#6 C:\xampp\htdocs\coralistest\system\CodeIgniter.php(410): CodeIgniter\CodeIgniter->runController(Object(App\Controllers\Login))
#7 C:\xampp\htdocs\coralistest\system\CodeIgniter.php(318): CodeIgniter\CodeIgniter->handleRequest(NULL, Object(Config\Cache), false)
#8 C:\xampp\htdocs\coralistest\public\index.php(37): CodeIgniter\CodeIgniter->run()
#9 C:\xampp\htdocs\coralistest\system\Commands\Server\rewrite.php(43): require_once('C:\\xampp\\htdocs...')
#10 {main}
CRITICAL - 2021-12-15 04:57:29 --> Invalid argument supplied for foreach()
#0 C:\xampp\htdocs\coralistest\app\Views\Pages\v_forgotpassword.php(18): CodeIgniter\Debug\Exceptions->errorHandler(2, 'Invalid argumen...', 'C:\\xampp\\htdocs...', 18, Array)
#1 C:\xampp\htdocs\coralistest\system\View\View.php(214): include('C:\\xampp\\htdocs...')
#2 C:\xampp\htdocs\coralistest\system\View\View.php(217): CodeIgniter\View\View->CodeIgniter\View\{closure}()
#3 C:\xampp\htdocs\coralistest\system\Common.php(1097): CodeIgniter\View\View->render('pages/v_forgotp...', Array, true)
#4 C:\xampp\htdocs\coralistest\app\Controllers\Login.php(85): view('pages/v_forgotp...')
#5 C:\xampp\htdocs\coralistest\system\CodeIgniter.php(824): App\Controllers\Login->forgotPassword()
#6 C:\xampp\htdocs\coralistest\system\CodeIgniter.php(410): CodeIgniter\CodeIgniter->runController(Object(App\Controllers\Login))
#7 C:\xampp\htdocs\coralistest\system\CodeIgniter.php(318): CodeIgniter\CodeIgniter->handleRequest(NULL, Object(Config\Cache), false)
#8 C:\xampp\htdocs\coralistest\public\index.php(37): CodeIgniter\CodeIgniter->run()
#9 C:\xampp\htdocs\coralistest\system\Commands\Server\rewrite.php(43): require_once('C:\\xampp\\htdocs...')
#10 {main}
CRITICAL - 2021-12-15 04:57:43 --> Invalid argument supplied for foreach()
#0 C:\xampp\htdocs\coralistest\app\Views\Pages\v_forgotpassword.php(18): CodeIgniter\Debug\Exceptions->errorHandler(2, 'Invalid argumen...', 'C:\\xampp\\htdocs...', 18, Array)
#1 C:\xampp\htdocs\coralistest\system\View\View.php(214): include('C:\\xampp\\htdocs...')
#2 C:\xampp\htdocs\coralistest\system\View\View.php(217): CodeIgniter\View\View->CodeIgniter\View\{closure}()
#3 C:\xampp\htdocs\coralistest\system\Common.php(1097): CodeIgniter\View\View->render('pages/v_forgotp...', Array, true)
#4 C:\xampp\htdocs\coralistest\app\Controllers\Login.php(85): view('pages/v_forgotp...')
#5 C:\xampp\htdocs\coralistest\system\CodeIgniter.php(824): App\Controllers\Login->forgotPassword()
#6 C:\xampp\htdocs\coralistest\system\CodeIgniter.php(410): CodeIgniter\CodeIgniter->runController(Object(App\Controllers\Login))
#7 C:\xampp\htdocs\coralistest\system\CodeIgniter.php(318): CodeIgniter\CodeIgniter->handleRequest(NULL, Object(Config\Cache), false)
#8 C:\xampp\htdocs\coralistest\public\index.php(37): CodeIgniter\CodeIgniter->run()
#9 C:\xampp\htdocs\coralistest\system\Commands\Server\rewrite.php(43): require_once('C:\\xampp\\htdocs...')
#10 {main}
CRITICAL - 2021-12-15 04:58:06 --> Invalid argument supplied for foreach()
#0 C:\xampp\htdocs\coralistest\app\Views\Pages\v_forgotpassword.php(18): CodeIgniter\Debug\Exceptions->errorHandler(2, 'Invalid argumen...', 'C:\\xampp\\htdocs...', 18, Array)
#1 C:\xampp\htdocs\coralistest\system\View\View.php(214): include('C:\\xampp\\htdocs...')
#2 C:\xampp\htdocs\coralistest\system\View\View.php(217): CodeIgniter\View\View->CodeIgniter\View\{closure}()
#3 C:\xampp\htdocs\coralistest\system\Common.php(1097): CodeIgniter\View\View->render('pages/v_forgotp...', Array, true)
#4 C:\xampp\htdocs\coralistest\app\Controllers\Login.php(85): view('pages/v_forgotp...')
#5 C:\xampp\htdocs\coralistest\system\CodeIgniter.php(824): App\Controllers\Login->forgotPassword()
#6 C:\xampp\htdocs\coralistest\system\CodeIgniter.php(410): CodeIgniter\CodeIgniter->runController(Object(App\Controllers\Login))
#7 C:\xampp\htdocs\coralistest\system\CodeIgniter.php(318): CodeIgniter\CodeIgniter->handleRequest(NULL, Object(Config\Cache), false)
#8 C:\xampp\htdocs\coralistest\public\index.php(37): CodeIgniter\CodeIgniter->run()
#9 C:\xampp\htdocs\coralistest\system\Commands\Server\rewrite.php(43): require_once('C:\\xampp\\htdocs...')
#10 {main}
CRITICAL - 2021-12-15 04:59:33 --> Undefined variable: i
#0 C:\xampp\htdocs\coralistest\app\Views\Pages\v_forgotpassword.php(20): CodeIgniter\Debug\Exceptions->errorHandler(8, 'Undefined varia...', 'C:\\xampp\\htdocs...', 20, Array)
#1 C:\xampp\htdocs\coralistest\system\View\View.php(214): include('C:\\xampp\\htdocs...')
#2 C:\xampp\htdocs\coralistest\system\View\View.php(217): CodeIgniter\View\View->CodeIgniter\View\{closure}()
#3 C:\xampp\htdocs\coralistest\system\Common.php(1097): CodeIgniter\View\View->render('pages/v_forgotp...', Array, true)
#4 C:\xampp\htdocs\coralistest\app\Controllers\Login.php(85): view('pages/v_forgotp...')
#5 C:\xampp\htdocs\coralistest\system\CodeIgniter.php(824): App\Controllers\Login->forgotPassword()
#6 C:\xampp\htdocs\coralistest\system\CodeIgniter.php(410): CodeIgniter\CodeIgniter->runController(Object(App\Controllers\Login))
#7 C:\xampp\htdocs\coralistest\system\CodeIgniter.php(318): CodeIgniter\CodeIgniter->handleRequest(NULL, Object(Config\Cache), false)
#8 C:\xampp\htdocs\coralistest\public\index.php(37): CodeIgniter\CodeIgniter->run()
#9 C:\xampp\htdocs\coralistest\system\Commands\Server\rewrite.php(43): require_once('C:\\xampp\\htdocs...')
#10 {main}
CRITICAL - 2021-12-15 05:14:31 --> Cannot use object of type CodeIgniter\Database\MySQLi\Result as array
#0 C:\xampp\htdocs\coralistest\system\CodeIgniter.php(824): App\Controllers\Login->sendResetLink()
#1 C:\xampp\htdocs\coralistest\system\CodeIgniter.php(410): CodeIgniter\CodeIgniter->runController(Object(App\Controllers\Login))
#2 C:\xampp\htdocs\coralistest\system\CodeIgniter.php(318): CodeIgniter\CodeIgniter->handleRequest(NULL, Object(Config\Cache), false)
#3 C:\xampp\htdocs\coralistest\public\index.php(37): CodeIgniter\CodeIgniter->run()
#4 C:\xampp\htdocs\coralistest\system\Commands\Server\rewrite.php(43): require_once('C:\\xampp\\htdocs...')
#5 {main}
CRITICAL - 2021-12-15 05:31:07 --> Call to undefined function form_open()
#0 C:\xampp\htdocs\coralistest\system\View\View.php(214): include()
#1 C:\xampp\htdocs\coralistest\system\View\View.php(217): CodeIgniter\View\View->CodeIgniter\View\{closure}()
#2 C:\xampp\htdocs\coralistest\system\Common.php(1097): CodeIgniter\View\View->render('pages/v_login', Array, true)
#3 C:\xampp\htdocs\coralistest\app\Controllers\Home.php(9): view('pages/v_login')
#4 C:\xampp\htdocs\coralistest\system\CodeIgniter.php(824): App\Controllers\Home->index()
#5 C:\xampp\htdocs\coralistest\system\CodeIgniter.php(410): CodeIgniter\CodeIgniter->runController(Object(App\Controllers\Home))
#6 C:\xampp\htdocs\coralistest\system\CodeIgniter.php(318): CodeIgniter\CodeIgniter->handleRequest(NULL, Object(Config\Cache), false)
#7 C:\xampp\htdocs\coralistest\public\index.php(37): CodeIgniter\CodeIgniter->run()
#8 C:\xampp\htdocs\coralistest\system\Commands\Server\rewrite.php(43): require_once('C:\\xampp\\htdocs...')
#9 {main}
CRITICAL - 2021-12-15 05:31:13 --> Call to undefined function form_open()
#0 C:\xampp\htdocs\coralistest\system\View\View.php(214): include()
#1 C:\xampp\htdocs\coralistest\system\View\View.php(217): CodeIgniter\View\View->CodeIgniter\View\{closure}()
#2 C:\xampp\htdocs\coralistest\system\Common.php(1097): CodeIgniter\View\View->render('pages/v_login', Array, true)
#3 C:\xampp\htdocs\coralistest\app\Controllers\Home.php(9): view('pages/v_login')
#4 C:\xampp\htdocs\coralistest\system\CodeIgniter.php(824): App\Controllers\Home->index()
#5 C:\xampp\htdocs\coralistest\system\CodeIgniter.php(410): CodeIgniter\CodeIgniter->runController(Object(App\Controllers\Home))
#6 C:\xampp\htdocs\coralistest\system\CodeIgniter.php(318): CodeIgniter\CodeIgniter->handleRequest(NULL, Object(Config\Cache), false)
#7 C:\xampp\htdocs\coralistest\public\index.php(37): CodeIgniter\CodeIgniter->run()
#8 C:\xampp\htdocs\coralistest\system\Commands\Server\rewrite.php(43): require_once('C:\\xampp\\htdocs...')
#9 {main}
CRITICAL - 2021-12-15 05:31:21 --> Call to undefined function form_open()
#0 C:\xampp\htdocs\coralistest\system\View\View.php(214): include()
#1 C:\xampp\htdocs\coralistest\system\View\View.php(217): CodeIgniter\View\View->CodeIgniter\View\{closure}()
#2 C:\xampp\htdocs\coralistest\system\Common.php(1097): CodeIgniter\View\View->render('pages/v_login', Array, true)
#3 C:\xampp\htdocs\coralistest\app\Controllers\Home.php(9): view('pages/v_login')
#4 C:\xampp\htdocs\coralistest\system\CodeIgniter.php(824): App\Controllers\Home->index()
#5 C:\xampp\htdocs\coralistest\system\CodeIgniter.php(410): CodeIgniter\CodeIgniter->runController(Object(App\Controllers\Home))
#6 C:\xampp\htdocs\coralistest\system\CodeIgniter.php(318): CodeIgniter\CodeIgniter->handleRequest(NULL, Object(Config\Cache), false)
#7 C:\xampp\htdocs\coralistest\public\index.php(37): CodeIgniter\CodeIgniter->run()
#8 C:\xampp\htdocs\coralistest\system\Commands\Server\rewrite.php(43): require_once('C:\\xampp\\htdocs...')
#9 {main}
CRITICAL - 2021-12-15 05:54:23 --> Undefined variable: data
#0 C:\xampp\htdocs\coralistest\app\Controllers\Login.php(124): CodeIgniter\Debug\Exceptions->errorHandler(8, 'Undefined varia...', 'C:\\xampp\\htdocs...', 124, Array)
#1 C:\xampp\htdocs\coralistest\system\CodeIgniter.php(824): App\Controllers\Login->forgotPassword()
#2 C:\xampp\htdocs\coralistest\system\CodeIgniter.php(410): CodeIgniter\CodeIgniter->runController(Object(App\Controllers\Login))
#3 C:\xampp\htdocs\coralistest\system\CodeIgniter.php(318): CodeIgniter\CodeIgniter->handleRequest(NULL, Object(Config\Cache), false)
#4 C:\xampp\htdocs\coralistest\public\index.php(37): CodeIgniter\CodeIgniter->run()
#5 C:\xampp\htdocs\coralistest\system\Commands\Server\rewrite.php(43): require_once('C:\\xampp\\htdocs...')
#6 {main}
CRITICAL - 2021-12-15 05:54:25 --> Undefined variable: data
#0 C:\xampp\htdocs\coralistest\app\Controllers\Login.php(124): CodeIgniter\Debug\Exceptions->errorHandler(8, 'Undefined varia...', 'C:\\xampp\\htdocs...', 124, Array)
#1 C:\xampp\htdocs\coralistest\system\CodeIgniter.php(824): App\Controllers\Login->forgotPassword()
#2 C:\xampp\htdocs\coralistest\system\CodeIgniter.php(410): CodeIgniter\CodeIgniter->runController(Object(App\Controllers\Login))
#3 C:\xampp\htdocs\coralistest\system\CodeIgniter.php(318): CodeIgniter\CodeIgniter->handleRequest(NULL, Object(Config\Cache), false)
#4 C:\xampp\htdocs\coralistest\public\index.php(37): CodeIgniter\CodeIgniter->run()
#5 C:\xampp\htdocs\coralistest\system\Commands\Server\rewrite.php(43): require_once('C:\\xampp\\htdocs...')
#6 {main}
CRITICAL - 2021-12-15 05:54:26 --> Undefined variable: data
#0 C:\xampp\htdocs\coralistest\app\Controllers\Login.php(124): CodeIgniter\Debug\Exceptions->errorHandler(8, 'Undefined varia...', 'C:\\xampp\\htdocs...', 124, Array)
#1 C:\xampp\htdocs\coralistest\system\CodeIgniter.php(824): App\Controllers\Login->forgotPassword()
#2 C:\xampp\htdocs\coralistest\system\CodeIgniter.php(410): CodeIgniter\CodeIgniter->runController(Object(App\Controllers\Login))
#3 C:\xampp\htdocs\coralistest\system\CodeIgniter.php(318): CodeIgniter\CodeIgniter->handleRequest(NULL, Object(Config\Cache), false)
#4 C:\xampp\htdocs\coralistest\public\index.php(37): CodeIgniter\CodeIgniter->run()
#5 C:\xampp\htdocs\coralistest\system\Commands\Server\rewrite.php(43): require_once('C:\\xampp\\htdocs...')
#6 {main}
CRITICAL - 2021-12-15 05:54:27 --> Undefined variable: data
#0 C:\xampp\htdocs\coralistest\app\Controllers\Login.php(124): CodeIgniter\Debug\Exceptions->errorHandler(8, 'Undefined varia...', 'C:\\xampp\\htdocs...', 124, Array)
#1 C:\xampp\htdocs\coralistest\system\CodeIgniter.php(824): App\Controllers\Login->forgotPassword()
#2 C:\xampp\htdocs\coralistest\system\CodeIgniter.php(410): CodeIgniter\CodeIgniter->runController(Object(App\Controllers\Login))
#3 C:\xampp\htdocs\coralistest\system\CodeIgniter.php(318): CodeIgniter\CodeIgniter->handleRequest(NULL, Object(Config\Cache), false)
#4 C:\xampp\htdocs\coralistest\public\index.php(37): CodeIgniter\CodeIgniter->run()
#5 C:\xampp\htdocs\coralistest\system\Commands\Server\rewrite.php(43): require_once('C:\\xampp\\htdocs...')
#6 {main}
CRITICAL - 2021-12-15 05:55:46 --> Undefined variable: data
#0 C:\xampp\htdocs\coralistest\app\Controllers\Login.php(124): CodeIgniter\Debug\Exceptions->errorHandler(8, 'Undefined varia...', 'C:\\xampp\\htdocs...', 124, Array)
#1 C:\xampp\htdocs\coralistest\system\CodeIgniter.php(824): App\Controllers\Login->forgotPassword()
#2 C:\xampp\htdocs\coralistest\system\CodeIgniter.php(410): CodeIgniter\CodeIgniter->runController(Object(App\Controllers\Login))
#3 C:\xampp\htdocs\coralistest\system\CodeIgniter.php(318): CodeIgniter\CodeIgniter->handleRequest(NULL, Object(Config\Cache), false)
#4 C:\xampp\htdocs\coralistest\public\index.php(37): CodeIgniter\CodeIgniter->run()
#5 C:\xampp\htdocs\coralistest\system\Commands\Server\rewrite.php(43): require_once('C:\\xampp\\htdocs...')
#6 {main}
CRITICAL - 2021-12-15 05:57:23 --> Undefined variable: data
#0 C:\xampp\htdocs\coralistest\app\Views\Pages\v_forgotpassword.php(5): CodeIgniter\Debug\Exceptions->errorHandler(8, 'Undefined varia...', 'C:\\xampp\\htdocs...', 5, Array)
#1 C:\xampp\htdocs\coralistest\system\View\View.php(214): include('C:\\xampp\\htdocs...')
#2 C:\xampp\htdocs\coralistest\system\View\View.php(217): CodeIgniter\View\View->CodeIgniter\View\{closure}()
#3 C:\xampp\htdocs\coralistest\system\Common.php(1097): CodeIgniter\View\View->render('pages/v_forgotp...', Array, true)
#4 C:\xampp\htdocs\coralistest\app\Controllers\Login.php(124): view('pages/v_forgotp...', Array)
#5 C:\xampp\htdocs\coralistest\system\CodeIgniter.php(824): App\Controllers\Login->forgotPassword()
#6 C:\xampp\htdocs\coralistest\system\CodeIgniter.php(410): CodeIgniter\CodeIgniter->runController(Object(App\Controllers\Login))
#7 C:\xampp\htdocs\coralistest\system\CodeIgniter.php(318): CodeIgniter\CodeIgniter->handleRequest(NULL, Object(Config\Cache), false)
#8 C:\xampp\htdocs\coralistest\public\index.php(37): CodeIgniter\CodeIgniter->run()
#9 C:\xampp\htdocs\coralistest\system\Commands\Server\rewrite.php(43): require_once('C:\\xampp\\htdocs...')
#10 {main}
CRITICAL - 2021-12-15 05:57:57 --> Undefined variable: data
#0 C:\xampp\htdocs\coralistest\app\Views\Pages\v_forgotpassword.php(5): CodeIgniter\Debug\Exceptions->errorHandler(8, 'Undefined varia...', 'C:\\xampp\\htdocs...', 5, Array)
#1 C:\xampp\htdocs\coralistest\system\View\View.php(214): include('C:\\xampp\\htdocs...')
#2 C:\xampp\htdocs\coralistest\system\View\View.php(217): CodeIgniter\View\View->CodeIgniter\View\{closure}()
#3 C:\xampp\htdocs\coralistest\system\Common.php(1097): CodeIgniter\View\View->render('pages/v_forgotp...', Array, true)
#4 C:\xampp\htdocs\coralistest\app\Controllers\Login.php(124): view('pages/v_forgotp...', Array)
#5 C:\xampp\htdocs\coralistest\system\CodeIgniter.php(824): App\Controllers\Login->forgotPassword()
#6 C:\xampp\htdocs\coralistest\system\CodeIgniter.php(410): CodeIgniter\CodeIgniter->runController(Object(App\Controllers\Login))
#7 C:\xampp\htdocs\coralistest\system\CodeIgniter.php(318): CodeIgniter\CodeIgniter->handleRequest(NULL, Object(Config\Cache), false)
#8 C:\xampp\htdocs\coralistest\public\index.php(37): CodeIgniter\CodeIgniter->run()
#9 C:\xampp\htdocs\coralistest\system\Commands\Server\rewrite.php(43): require_once('C:\\xampp\\htdocs...')
#10 {main}
CRITICAL - 2021-12-15 05:58:19 --> Array to string conversion
#0 C:\xampp\htdocs\coralistest\app\Views\Pages\v_forgotpassword.php(5): CodeIgniter\Debug\Exceptions->errorHandler(8, 'Array to string...', 'C:\\xampp\\htdocs...', 5, Array)
#1 C:\xampp\htdocs\coralistest\system\View\View.php(214): include('C:\\xampp\\htdocs...')
#2 C:\xampp\htdocs\coralistest\system\View\View.php(217): CodeIgniter\View\View->CodeIgniter\View\{closure}()
#3 C:\xampp\htdocs\coralistest\system\Common.php(1097): CodeIgniter\View\View->render('pages/v_forgotp...', Array, true)
#4 C:\xampp\htdocs\coralistest\app\Controllers\Login.php(124): view('pages/v_forgotp...', Array)
#5 C:\xampp\htdocs\coralistest\system\CodeIgniter.php(824): App\Controllers\Login->forgotPassword()
#6 C:\xampp\htdocs\coralistest\system\CodeIgniter.php(410): CodeIgniter\CodeIgniter->runController(Object(App\Controllers\Login))
#7 C:\xampp\htdocs\coralistest\system\CodeIgniter.php(318): CodeIgniter\CodeIgniter->handleRequest(NULL, Object(Config\Cache), false)
#8 C:\xampp\htdocs\coralistest\public\index.php(37): CodeIgniter\CodeIgniter->run()
#9 C:\xampp\htdocs\coralistest\system\Commands\Server\rewrite.php(43): require_once('C:\\xampp\\htdocs...')
#10 {main}
ERROR - 2021-12-15 06:22:44 --> Unknown column 'uniid' in 'field list'
CRITICAL - 2021-12-15 06:22:44 --> Unknown column 'uniid' in 'field list'
#0 C:\xampp\htdocs\coralistest\system\Database\MySQLi\Connection.php(292): mysqli->query('SELECT `uniid`,...', 0)
#1 C:\xampp\htdocs\coralistest\system\Database\BaseConnection.php(670): CodeIgniter\Database\MySQLi\Connection->execute('SELECT `uniid`,...')
#2 C:\xampp\htdocs\coralistest\system\Database\BaseConnection.php(598): CodeIgniter\Database\BaseConnection->simpleQuery('SELECT `uniid`,...')
#3 C:\xampp\htdocs\coralistest\system\Database\BaseBuilder.php(1443): CodeIgniter\Database\BaseConnection->query('SELECT `uniid`,...', Array, false)
#4 C:\xampp\htdocs\coralistest\app\Models\UserModel.php(41): CodeIgniter\Database\BaseBuilder->get()
#5 C:\xampp\htdocs\coralistest\app\Controllers\Login.php(105): App\Models\UserModel->verivyEmail('riskidwipatrio1...')
#6 C:\xampp\htdocs\coralistest\system\CodeIgniter.php(824): App\Controllers\Login->forgotPassword()
#7 C:\xampp\htdocs\coralistest\system\CodeIgniter.php(410): CodeIgniter\CodeIgniter->runController(Object(App\Controllers\Login))
#8 C:\xampp\htdocs\coralistest\system\CodeIgniter.php(318): CodeIgniter\CodeIgniter->handleRequest(NULL, Object(Config\Cache), false)
#9 C:\xampp\htdocs\coralistest\public\index.php(37): CodeIgniter\CodeIgniter->run()
#10 C:\xampp\htdocs\coralistest\system\Commands\Server\rewrite.php(43): require_once('C:\\xampp\\htdocs...')
#11 {main}
CRITICAL - 2021-12-15 06:43:48 --> Array to string conversion
#0 C:\xampp\htdocs\coralistest\app\Controllers\Login.php(96): CodeIgniter\Debug\Exceptions->errorHandler(8, 'Array to string...', 'C:\\xampp\\htdocs...', 96, Array)
#1 C:\xampp\htdocs\coralistest\system\CodeIgniter.php(824): App\Controllers\Login->forgotPassword()
#2 C:\xampp\htdocs\coralistest\system\CodeIgniter.php(410): CodeIgniter\CodeIgniter->runController(Object(App\Controllers\Login))
#3 C:\xampp\htdocs\coralistest\system\CodeIgniter.php(318): CodeIgniter\CodeIgniter->handleRequest(NULL, Object(Config\Cache), false)
#4 C:\xampp\htdocs\coralistest\public\index.php(37): CodeIgniter\CodeIgniter->run()
#5 C:\xampp\htdocs\coralistest\system\Commands\Server\rewrite.php(43): require_once('C:\\xampp\\htdocs...')
#6 {main}
CRITICAL - 2021-12-15 06:59:12 --> There is no data to update.
#0 C:\xampp\htdocs\coralistest\system\BaseModel.php(846): CodeIgniter\Database\Exceptions\DataException::forEmptyDataset('update')
#1 C:\xampp\htdocs\coralistest\system\Model.php(646): CodeIgniter\BaseModel->update(Array, Array)
#2 C:\xampp\htdocs\coralistest\app\Controllers\Login.php(114): CodeIgniter\Model->update('10', Array)
#3 C:\xampp\htdocs\coralistest\system\CodeIgniter.php(824): App\Controllers\Login->forgotPassword()
#4 C:\xampp\htdocs\coralistest\system\CodeIgniter.php(410): CodeIgniter\CodeIgniter->runController(Object(App\Controllers\Login))
#5 C:\xampp\htdocs\coralistest\system\CodeIgniter.php(318): CodeIgniter\CodeIgniter->handleRequest(NULL, Object(Config\Cache), false)
#6 C:\xampp\htdocs\coralistest\public\index.php(37): CodeIgniter\CodeIgniter->run()
#7 C:\xampp\htdocs\coralistest\system\Commands\Server\rewrite.php(43): require_once('C:\\xampp\\htdocs...')
#8 {main}
ERROR - 2021-12-15 07:12:09 --> Email: sendWithMail throwed mail(): Failed to connect to mailserver at &quot;localhost&quot; port 25, verify your &quot;SMTP&quot; and &quot;smtp_port&quot; setting in php.ini or use ini_set()
CRITICAL - 2021-12-15 07:12:09 --> Argument 2 passed to view() must be of the type array, string given, called in C:\xampp\htdocs\coralistest\app\Controllers\Login.php on line 152
#0 C:\xampp\htdocs\coralistest\app\Controllers\Login.php(152): view('pages/v_forgotp...', 'Unable to send ...')
#1 C:\xampp\htdocs\coralistest\system\CodeIgniter.php(824): App\Controllers\Login->forgotPassword()
#2 C:\xampp\htdocs\coralistest\system\CodeIgniter.php(410): CodeIgniter\CodeIgniter->runController(Object(App\Controllers\Login))
#3 C:\xampp\htdocs\coralistest\system\CodeIgniter.php(318): CodeIgniter\CodeIgniter->handleRequest(NULL, Object(Config\Cache), false)
#4 C:\xampp\htdocs\coralistest\public\index.php(37): CodeIgniter\CodeIgniter->run()
#5 C:\xampp\htdocs\coralistest\system\Commands\Server\rewrite.php(43): require_once('C:\\xampp\\htdocs...')
#6 {main}
ERROR - 2021-12-15 07:26:06 --> Email: sendWithMail throwed mail(): Failed to connect to mailserver at &quot;localhost&quot; port 25, verify your &quot;SMTP&quot; and &quot;smtp_port&quot; setting in php.ini or use ini_set()
CRITICAL - 2021-12-15 07:26:06 --> Argument 2 passed to view() must be of the type array, string given, called in C:\xampp\htdocs\coralistest\app\Controllers\Login.php on line 152
#0 C:\xampp\htdocs\coralistest\app\Controllers\Login.php(152): view('pages/v_forgotp...', 'Unable to send ...')
#1 C:\xampp\htdocs\coralistest\system\CodeIgniter.php(824): App\Controllers\Login->forgotPassword()
#2 C:\xampp\htdocs\coralistest\system\CodeIgniter.php(410): CodeIgniter\CodeIgniter->runController(Object(App\Controllers\Login))
#3 C:\xampp\htdocs\coralistest\system\CodeIgniter.php(318): CodeIgniter\CodeIgniter->handleRequest(NULL, Object(Config\Cache), false)
#4 C:\xampp\htdocs\coralistest\public\index.php(37): CodeIgniter\CodeIgniter->run()
#5 C:\xampp\htdocs\coralistest\system\Commands\Server\rewrite.php(43): require_once('C:\\xampp\\htdocs...')
#6 {main}
ERROR - 2021-12-15 07:27:48 --> Email: sendWithMail throwed mail(): Failed to connect to mailserver at &quot;localhost&quot; port 25, verify your &quot;SMTP&quot; and &quot;smtp_port&quot; setting in php.ini or use ini_set()
CRITICAL - 2021-12-15 07:27:48 --> Argument 2 passed to view() must be of the type array, string given, called in C:\xampp\htdocs\coralistest\app\Controllers\Login.php on line 152
#0 C:\xampp\htdocs\coralistest\app\Controllers\Login.php(152): view('pages/v_forgotp...', 'Unable to send ...')
#1 C:\xampp\htdocs\coralistest\system\CodeIgniter.php(824): App\Controllers\Login->forgotPassword()
#2 C:\xampp\htdocs\coralistest\system\CodeIgniter.php(410): CodeIgniter\CodeIgniter->runController(Object(App\Controllers\Login))
#3 C:\xampp\htdocs\coralistest\system\CodeIgniter.php(318): CodeIgniter\CodeIgniter->handleRequest(NULL, Object(Config\Cache), false)
#4 C:\xampp\htdocs\coralistest\public\index.php(37): CodeIgniter\CodeIgniter->run()
#5 C:\xampp\htdocs\coralistest\system\Commands\Server\rewrite.php(43): require_once('C:\\xampp\\htdocs...')
#6 {main}
ERROR - 2021-12-15 07:31:29 --> Email: sendWithMail throwed mail(): Failed to connect to mailserver at &quot;localhost&quot; port 25, verify your &quot;SMTP&quot; and &quot;smtp_port&quot; setting in php.ini or use ini_set()
CRITICAL - 2021-12-15 07:31:29 --> Argument 2 passed to view() must be of the type array, string given, called in C:\xampp\htdocs\coralistest\app\Controllers\Login.php on line 152
#0 C:\xampp\htdocs\coralistest\app\Controllers\Login.php(152): view('pages/v_forgotp...', 'Unable to send ...')
#1 C:\xampp\htdocs\coralistest\system\CodeIgniter.php(824): App\Controllers\Login->forgotPassword()
#2 C:\xampp\htdocs\coralistest\system\CodeIgniter.php(410): CodeIgniter\CodeIgniter->runController(Object(App\Controllers\Login))
#3 C:\xampp\htdocs\coralistest\system\CodeIgniter.php(318): CodeIgniter\CodeIgniter->handleRequest(NULL, Object(Config\Cache), false)
#4 C:\xampp\htdocs\coralistest\public\index.php(37): CodeIgniter\CodeIgniter->run()
#5 C:\xampp\htdocs\coralistest\system\Commands\Server\rewrite.php(43): require_once('C:\\xampp\\htdocs...')
#6 {main}
ERROR - 2021-12-15 07:32:39 --> Email: sendWithMail throwed mail(): Failed to connect to mailserver at &quot;localhost&quot; port 25, verify your &quot;SMTP&quot; and &quot;smtp_port&quot; setting in php.ini or use ini_set()
CRITICAL - 2021-12-15 07:32:39 --> Argument 2 passed to view() must be of the type array, string given, called in C:\xampp\htdocs\coralistest\app\Controllers\Login.php on line 152
#0 C:\xampp\htdocs\coralistest\app\Controllers\Login.php(152): view('pages/v_forgotp...', 'Unable to send ...')
#1 C:\xampp\htdocs\coralistest\system\CodeIgniter.php(824): App\Controllers\Login->forgotPassword()
#2 C:\xampp\htdocs\coralistest\system\CodeIgniter.php(410): CodeIgniter\CodeIgniter->runController(Object(App\Controllers\Login))
#3 C:\xampp\htdocs\coralistest\system\CodeIgniter.php(318): CodeIgniter\CodeIgniter->handleRequest(NULL, Object(Config\Cache), false)
#4 C:\xampp\htdocs\coralistest\public\index.php(37): CodeIgniter\CodeIgniter->run()
#5 C:\xampp\htdocs\coralistest\system\Commands\Server\rewrite.php(43): require_once('C:\\xampp\\htdocs...')
#6 {main}
ERROR - 2021-12-15 07:40:56 --> Email: sendWithMail throwed mail(): Failed to connect to mailserver at &quot;localhost&quot; port 25, verify your &quot;SMTP&quot; and &quot;smtp_port&quot; setting in php.ini or use ini_set()
CRITICAL - 2021-12-15 07:40:56 --> Argument 2 passed to view() must be of the type array, string given, called in C:\xampp\htdocs\coralistest\app\Controllers\Login.php on line 152
#0 C:\xampp\htdocs\coralistest\app\Controllers\Login.php(152): view('pages/v_forgotp...', 'Unable to send ...')
#1 C:\xampp\htdocs\coralistest\system\CodeIgniter.php(824): App\Controllers\Login->forgotPassword()
#2 C:\xampp\htdocs\coralistest\system\CodeIgniter.php(410): CodeIgniter\CodeIgniter->runController(Object(App\Controllers\Login))
#3 C:\xampp\htdocs\coralistest\system\CodeIgniter.php(318): CodeIgniter\CodeIgniter->handleRequest(NULL, Object(Config\Cache), false)
#4 C:\xampp\htdocs\coralistest\public\index.php(37): CodeIgniter\CodeIgniter->run()
#5 C:\xampp\htdocs\coralistest\system\Commands\Server\rewrite.php(43): require_once('C:\\xampp\\htdocs...')
#6 {main}
ERROR - 2021-12-15 07:44:10 --> Email: sendWithMail throwed mail(): Failed to connect to mailserver at &quot;localhost&quot; port 25, verify your &quot;SMTP&quot; and &quot;smtp_port&quot; setting in php.ini or use ini_set()
CRITICAL - 2021-12-15 07:44:10 --> Argument 2 passed to view() must be of the type array, string given, called in C:\xampp\htdocs\coralistest\app\Controllers\Login.php on line 152
#0 C:\xampp\htdocs\coralistest\app\Controllers\Login.php(152): view('pages/v_forgotp...', 'Unable to send ...')
#1 C:\xampp\htdocs\coralistest\system\CodeIgniter.php(824): App\Controllers\Login->forgotPassword()
#2 C:\xampp\htdocs\coralistest\system\CodeIgniter.php(410): CodeIgniter\CodeIgniter->runController(Object(App\Controllers\Login))
#3 C:\xampp\htdocs\coralistest\system\CodeIgniter.php(318): CodeIgniter\CodeIgniter->handleRequest(NULL, Object(Config\Cache), false)
#4 C:\xampp\htdocs\coralistest\public\index.php(37): CodeIgniter\CodeIgniter->run()
#5 C:\xampp\htdocs\coralistest\system\Commands\Server\rewrite.php(43): require_once('C:\\xampp\\htdocs...')
#6 {main}
ERROR - 2021-12-15 07:44:19 --> Email: sendWithMail throwed mail(): Failed to connect to mailserver at &quot;localhost&quot; port 25, verify your &quot;SMTP&quot; and &quot;smtp_port&quot; setting in php.ini or use ini_set()
CRITICAL - 2021-12-15 07:44:19 --> Argument 2 passed to view() must be of the type array, string given, called in C:\xampp\htdocs\coralistest\app\Controllers\Login.php on line 152
#0 C:\xampp\htdocs\coralistest\app\Controllers\Login.php(152): view('pages/v_forgotp...', 'Unable to send ...')
#1 C:\xampp\htdocs\coralistest\system\CodeIgniter.php(824): App\Controllers\Login->forgotPassword()
#2 C:\xampp\htdocs\coralistest\system\CodeIgniter.php(410): CodeIgniter\CodeIgniter->runController(Object(App\Controllers\Login))
#3 C:\xampp\htdocs\coralistest\system\CodeIgniter.php(318): CodeIgniter\CodeIgniter->handleRequest(NULL, Object(Config\Cache), false)
#4 C:\xampp\htdocs\coralistest\public\index.php(37): CodeIgniter\CodeIgniter->run()
#5 C:\xampp\htdocs\coralistest\system\Commands\Server\rewrite.php(43): require_once('C:\\xampp\\htdocs...')
#6 {main}
ERROR - 2021-12-15 07:47:09 --> Email: sendWithMail throwed mail(): Failed to connect to mailserver at &quot;localhost&quot; port 25, verify your &quot;SMTP&quot; and &quot;smtp_port&quot; setting in php.ini or use ini_set()
CRITICAL - 2021-12-15 07:47:09 --> Argument 2 passed to view() must be of the type array, string given, called in C:\xampp\htdocs\coralistest\app\Controllers\Login.php on line 152
#0 C:\xampp\htdocs\coralistest\app\Controllers\Login.php(152): view('pages/v_forgotp...', 'Unable to send ...')
#1 C:\xampp\htdocs\coralistest\system\CodeIgniter.php(824): App\Controllers\Login->forgotPassword()
#2 C:\xampp\htdocs\coralistest\system\CodeIgniter.php(410): CodeIgniter\CodeIgniter->runController(Object(App\Controllers\Login))
#3 C:\xampp\htdocs\coralistest\system\CodeIgniter.php(318): CodeIgniter\CodeIgniter->handleRequest(NULL, Object(Config\Cache), false)
#4 C:\xampp\htdocs\coralistest\public\index.php(37): CodeIgniter\CodeIgniter->run()
#5 C:\xampp\htdocs\coralistest\system\Commands\Server\rewrite.php(43): require_once('C:\\xampp\\htdocs...')
#6 {main}
ERROR - 2021-12-15 07:47:54 --> Email: sendWithMail throwed mail(): Failed to connect to mailserver at &quot;localhost&quot; port 25, verify your &quot;SMTP&quot; and &quot;smtp_port&quot; setting in php.ini or use ini_set()
CRITICAL - 2021-12-15 07:47:54 --> Argument 2 passed to view() must be of the type array, string given, called in C:\xampp\htdocs\coralistest\app\Controllers\Login.php on line 152
#0 C:\xampp\htdocs\coralistest\app\Controllers\Login.php(152): view('pages/v_forgotp...', 'Unable to send ...')
#1 C:\xampp\htdocs\coralistest\system\CodeIgniter.php(824): App\Controllers\Login->forgotPassword()
#2 C:\xampp\htdocs\coralistest\system\CodeIgniter.php(410): CodeIgniter\CodeIgniter->runController(Object(App\Controllers\Login))
#3 C:\xampp\htdocs\coralistest\system\CodeIgniter.php(318): CodeIgniter\CodeIgniter->handleRequest(NULL, Object(Config\Cache), false)
#4 C:\xampp\htdocs\coralistest\public\index.php(37): CodeIgniter\CodeIgniter->run()
#5 C:\xampp\htdocs\coralistest\system\Commands\Server\rewrite.php(43): require_once('C:\\xampp\\htdocs...')
#6 {main}
ERROR - 2021-12-15 07:48:27 --> Email: sendWithMail throwed mail(): Failed to connect to mailserver at &quot;smtp.gmail.com&quot; port 587, verify your &quot;SMTP&quot; and &quot;smtp_port&quot; setting in php.ini or use ini_set()
CRITICAL - 2021-12-15 07:48:27 --> Argument 2 passed to view() must be of the type array, string given, called in C:\xampp\htdocs\coralistest\app\Controllers\Login.php on line 152
#0 C:\xampp\htdocs\coralistest\app\Controllers\Login.php(152): view('pages/v_forgotp...', 'Unable to send ...')
#1 C:\xampp\htdocs\coralistest\system\CodeIgniter.php(824): App\Controllers\Login->forgotPassword()
#2 C:\xampp\htdocs\coralistest\system\CodeIgniter.php(410): CodeIgniter\CodeIgniter->runController(Object(App\Controllers\Login))
#3 C:\xampp\htdocs\coralistest\system\CodeIgniter.php(318): CodeIgniter\CodeIgniter->handleRequest(NULL, Object(Config\Cache), false)
#4 C:\xampp\htdocs\coralistest\public\index.php(37): CodeIgniter\CodeIgniter->run()
#5 C:\xampp\htdocs\coralistest\system\Commands\Server\rewrite.php(43): require_once('C:\\xampp\\htdocs...')
#6 {main}
ERROR - 2021-12-15 07:52:20 --> Email: sendWithMail throwed mail(): Failed to connect to mailserver at &quot;smtp.gmail.com&quot; port 587, verify your &quot;SMTP&quot; and &quot;smtp_port&quot; setting in php.ini or use ini_set()
CRITICAL - 2021-12-15 07:52:20 --> Argument 2 passed to view() must be of the type array, string given, called in C:\xampp\htdocs\coralistest\app\Controllers\Login.php on line 152
#0 C:\xampp\htdocs\coralistest\app\Controllers\Login.php(152): view('pages/v_forgotp...', 'Unable to send ...')
#1 C:\xampp\htdocs\coralistest\system\CodeIgniter.php(824): App\Controllers\Login->forgotPassword()
#2 C:\xampp\htdocs\coralistest\system\CodeIgniter.php(410): CodeIgniter\CodeIgniter->runController(Object(App\Controllers\Login))
#3 C:\xampp\htdocs\coralistest\system\CodeIgniter.php(318): CodeIgniter\CodeIgniter->handleRequest(NULL, Object(Config\Cache), false)
#4 C:\xampp\htdocs\coralistest\public\index.php(37): CodeIgniter\CodeIgniter->run()
#5 C:\xampp\htdocs\coralistest\system\Commands\Server\rewrite.php(43): require_once('C:\\xampp\\htdocs...')
#6 {main}
ERROR - 2021-12-15 07:53:15 --> Email: sendWithMail throwed mail(): Failed to connect to mailserver at &quot;smtp.gmail.com&quot; port 587, verify your &quot;SMTP&quot; and &quot;smtp_port&quot; setting in php.ini or use ini_set()
CRITICAL - 2021-12-15 07:53:15 --> Argument 2 passed to view() must be of the type array, string given, called in C:\xampp\htdocs\coralistest\app\Controllers\Login.php on line 152
#0 C:\xampp\htdocs\coralistest\app\Controllers\Login.php(152): view('pages/v_forgotp...', 'Unable to send ...')
#1 C:\xampp\htdocs\coralistest\system\CodeIgniter.php(824): App\Controllers\Login->forgotPassword()
#2 C:\xampp\htdocs\coralistest\system\CodeIgniter.php(410): CodeIgniter\CodeIgniter->runController(Object(App\Controllers\Login))
#3 C:\xampp\htdocs\coralistest\system\CodeIgniter.php(318): CodeIgniter\CodeIgniter->handleRequest(NULL, Object(Config\Cache), false)
#4 C:\xampp\htdocs\coralistest\public\index.php(37): CodeIgniter\CodeIgniter->run()
#5 C:\xampp\htdocs\coralistest\system\Commands\Server\rewrite.php(43): require_once('C:\\xampp\\htdocs...')
#6 {main}
ERROR - 2021-12-15 07:54:00 --> Email: sendWithMail throwed mail(): Failed to connect to mailserver at &quot;smtp.gmail.com&quot; port 587, verify your &quot;SMTP&quot; and &quot;smtp_port&quot; setting in php.ini or use ini_set()
ERROR - 2021-12-15 07:54:19 --> Email: sendWithMail throwed mail(): Failed to connect to mailserver at &quot;smtp.gmail.com&quot; port 587, verify your &quot;SMTP&quot; and &quot;smtp_port&quot; setting in php.ini or use ini_set()
ERROR - 2021-12-15 07:54:22 --> Email: sendWithMail throwed mail(): Failed to connect to mailserver at &quot;smtp.gmail.com&quot; port 587, verify your &quot;SMTP&quot; and &quot;smtp_port&quot; setting in php.ini or use ini_set()
ERROR - 2021-12-15 07:54:25 --> Email: sendWithMail throwed mail(): Failed to connect to mailserver at &quot;smtp.gmail.com&quot; port 587, verify your &quot;SMTP&quot; and &quot;smtp_port&quot; setting in php.ini or use ini_set()
ERROR - 2021-12-15 07:54:30 --> Email: sendWithMail throwed mail(): Failed to connect to mailserver at &quot;smtp.gmail.com&quot; port 587, verify your &quot;SMTP&quot; and &quot;smtp_port&quot; setting in php.ini or use ini_set()
ERROR - 2021-12-15 07:54:34 --> Email: sendWithMail throwed mail(): Failed to connect to mailserver at &quot;smtp.gmail.com&quot; port 587, verify your &quot;SMTP&quot; and &quot;smtp_port&quot; setting in php.ini or use ini_set()
ERROR - 2021-12-15 07:55:10 --> Email: sendWithMail throwed mail(): Failed to connect to mailserver at &quot;smtp.gmail.com&quot; port 587, verify your &quot;SMTP&quot; and &quot;smtp_port&quot; setting in php.ini or use ini_set()
ERROR - 2021-12-15 07:55:25 --> Email: sendWithMail throwed mail(): Failed to connect to mailserver at &quot;smtp.gmail.com&quot; port 587, verify your &quot;SMTP&quot; and &quot;smtp_port&quot; setting in php.ini or use ini_set()
CRITICAL - 2021-12-15 07:55:25 --> Argument 2 passed to view() must be of the type array, string given, called in C:\xampp\htdocs\coralistest\app\Controllers\Login.php on line 150
#0 C:\xampp\htdocs\coralistest\app\Controllers\Login.php(150): view('pages/v_forgotp...', 'Unable to send ...')
#1 C:\xampp\htdocs\coralistest\system\CodeIgniter.php(824): App\Controllers\Login->forgotPassword()
#2 C:\xampp\htdocs\coralistest\system\CodeIgniter.php(410): CodeIgniter\CodeIgniter->runController(Object(App\Controllers\Login))
#3 C:\xampp\htdocs\coralistest\system\CodeIgniter.php(318): CodeIgniter\CodeIgniter->handleRequest(NULL, Object(Config\Cache), false)
#4 C:\xampp\htdocs\coralistest\public\index.php(37): CodeIgniter\CodeIgniter->run()
#5 C:\xampp\htdocs\coralistest\system\Commands\Server\rewrite.php(43): require_once('C:\\xampp\\htdocs...')
#6 {main}
ERROR - 2021-12-15 07:56:39 --> Email: sendWithMail throwed mail(): Failed to connect to mailserver at &quot;smtp.gmail.com&quot; port 587, verify your &quot;SMTP&quot; and &quot;smtp_port&quot; setting in php.ini or use ini_set()
CRITICAL - 2021-12-15 07:56:39 --> Argument 2 passed to view() must be of the type array, string given, called in C:\xampp\htdocs\coralistest\app\Controllers\Login.php on line 147
#0 C:\xampp\htdocs\coralistest\app\Controllers\Login.php(147): view('pages/v_forgotp...', 'Unable to send ...')
#1 C:\xampp\htdocs\coralistest\system\CodeIgniter.php(824): App\Controllers\Login->forgotPassword()
#2 C:\xampp\htdocs\coralistest\system\CodeIgniter.php(410): CodeIgniter\CodeIgniter->runController(Object(App\Controllers\Login))
#3 C:\xampp\htdocs\coralistest\system\CodeIgniter.php(318): CodeIgniter\CodeIgniter->handleRequest(NULL, Object(Config\Cache), false)
#4 C:\xampp\htdocs\coralistest\public\index.php(37): CodeIgniter\CodeIgniter->run()
#5 C:\xampp\htdocs\coralistest\system\Commands\Server\rewrite.php(43): require_once('C:\\xampp\\htdocs...')
#6 {main}
ERROR - 2021-12-15 07:57:40 --> Email: sendWithMail throwed mail(): Failed to connect to mailserver at &quot;smtp.gmail.com&quot; port 587, verify your &quot;SMTP&quot; and &quot;smtp_port&quot; setting in php.ini or use ini_set()
CRITICAL - 2021-12-15 07:57:40 --> Argument 2 passed to view() must be of the type array, string given, called in C:\xampp\htdocs\coralistest\app\Controllers\Login.php on line 129
#0 C:\xampp\htdocs\coralistest\app\Controllers\Login.php(129): view('pages/v_forgotp...', 'Unable to send ...')
#1 C:\xampp\htdocs\coralistest\system\CodeIgniter.php(824): App\Controllers\Login->forgotPassword()
#2 C:\xampp\htdocs\coralistest\system\CodeIgniter.php(410): CodeIgniter\CodeIgniter->runController(Object(App\Controllers\Login))
#3 C:\xampp\htdocs\coralistest\system\CodeIgniter.php(318): CodeIgniter\CodeIgniter->handleRequest(NULL, Object(Config\Cache), false)
#4 C:\xampp\htdocs\coralistest\public\index.php(37): CodeIgniter\CodeIgniter->run()
#5 C:\xampp\htdocs\coralistest\system\Commands\Server\rewrite.php(43): require_once('C:\\xampp\\htdocs...')
#6 {main}
ERROR - 2021-12-15 07:57:53 --> Email: sendWithMail throwed mail(): Failed to connect to mailserver at &quot;smtp.gmail.com&quot; port 587, verify your &quot;SMTP&quot; and &quot;smtp_port&quot; setting in php.ini or use ini_set()
ERROR - 2021-12-15 07:57:56 --> Email: sendWithMail throwed mail(): Failed to connect to mailserver at &quot;smtp.gmail.com&quot; port 587, verify your &quot;SMTP&quot; and &quot;smtp_port&quot; setting in php.ini or use ini_set()
ERROR - 2021-12-15 07:59:28 --> Email: sendWithMail throwed mail(): Failed to connect to mailserver at &quot;smtp.gmail.com&quot; port 587, verify your &quot;SMTP&quot; and &quot;smtp_port&quot; setting in php.ini or use ini_set()
ERROR - 2021-12-15 07:59:33 --> Email: sendWithMail throwed mail(): Failed to connect to mailserver at &quot;smtp.gmail.com&quot; port 587, verify your &quot;SMTP&quot; and &quot;smtp_port&quot; setting in php.ini or use ini_set()
ERROR - 2021-12-15 07:59:39 --> Email: sendWithMail throwed mail(): Failed to connect to mailserver at &quot;smtp.gmail.com&quot; port 587, verify your &quot;SMTP&quot; and &quot;smtp_port&quot; setting in php.ini or use ini_set()
ERROR - 2021-12-15 08:02:38 --> Email: sendWithMail throwed mail(): Failed to connect to mailserver at &quot;smtp.gmail.com&quot; port 587, verify your &quot;SMTP&quot; and &quot;smtp_port&quot; setting in php.ini or use ini_set()
ERROR - 2021-12-15 08:02:48 --> Email: sendWithMail throwed mail(): Failed to connect to mailserver at &quot;smtp.gmail.com&quot; port 587, verify your &quot;SMTP&quot; and &quot;smtp_port&quot; setting in php.ini or use ini_set()
CRITICAL - 2021-12-15 09:32:09 --> Call to a member function getClientName() on null
#0 C:\xampp\htdocs\coralistest\system\CodeIgniter.php(824): App\Controllers\Register->store()
#1 C:\xampp\htdocs\coralistest\system\CodeIgniter.php(410): CodeIgniter\CodeIgniter->runController(Object(App\Controllers\Register))
#2 C:\xampp\htdocs\coralistest\system\CodeIgniter.php(318): CodeIgniter\CodeIgniter->handleRequest(NULL, Object(Config\Cache), false)
#3 C:\xampp\htdocs\coralistest\public\index.php(37): CodeIgniter\CodeIgniter->run()
#4 C:\xampp\htdocs\coralistest\system\Commands\Server\rewrite.php(43): require_once('C:\\xampp\\htdocs...')
#5 {main}
CRITICAL - 2021-12-15 09:37:42 --> Call to a member function getName() on null
#0 C:\xampp\htdocs\coralistest\system\CodeIgniter.php(824): App\Controllers\Register->store()
#1 C:\xampp\htdocs\coralistest\system\CodeIgniter.php(410): CodeIgniter\CodeIgniter->runController(Object(App\Controllers\Register))
#2 C:\xampp\htdocs\coralistest\system\CodeIgniter.php(318): CodeIgniter\CodeIgniter->handleRequest(NULL, Object(Config\Cache), false)
#3 C:\xampp\htdocs\coralistest\public\index.php(37): CodeIgniter\CodeIgniter->run()
#4 C:\xampp\htdocs\coralistest\system\Commands\Server\rewrite.php(43): require_once('C:\\xampp\\htdocs...')
#5 {main}
CRITICAL - 2021-12-15 09:40:55 --> Undefined variable: nameFoto
#0 C:\xampp\htdocs\coralistest\app\Controllers\Register.php(39): CodeIgniter\Debug\Exceptions->errorHandler(8, 'Undefined varia...', 'C:\\xampp\\htdocs...', 39, Array)
#1 C:\xampp\htdocs\coralistest\system\CodeIgniter.php(824): App\Controllers\Register->store()
#2 C:\xampp\htdocs\coralistest\system\CodeIgniter.php(410): CodeIgniter\CodeIgniter->runController(Object(App\Controllers\Register))
#3 C:\xampp\htdocs\coralistest\system\CodeIgniter.php(318): CodeIgniter\CodeIgniter->handleRequest(NULL, Object(Config\Cache), false)
#4 C:\xampp\htdocs\coralistest\public\index.php(37): CodeIgniter\CodeIgniter->run()
#5 C:\xampp\htdocs\coralistest\system\Commands\Server\rewrite.php(43): require_once('C:\\xampp\\htdocs...')
#6 {main}
CRITICAL - 2021-12-15 09:42:11 --> Undefined variable: nameFoto
#0 C:\xampp\htdocs\coralistest\app\Controllers\Register.php(39): CodeIgniter\Debug\Exceptions->errorHandler(8, 'Undefined varia...', 'C:\\xampp\\htdocs...', 39, Array)
#1 C:\xampp\htdocs\coralistest\system\CodeIgniter.php(824): App\Controllers\Register->store()
#2 C:\xampp\htdocs\coralistest\system\CodeIgniter.php(410): CodeIgniter\CodeIgniter->runController(Object(App\Controllers\Register))
#3 C:\xampp\htdocs\coralistest\system\CodeIgniter.php(318): CodeIgniter\CodeIgniter->handleRequest(NULL, Object(Config\Cache), false)
#4 C:\xampp\htdocs\coralistest\public\index.php(37): CodeIgniter\CodeIgniter->run()
#5 C:\xampp\htdocs\coralistest\system\Commands\Server\rewrite.php(43): require_once('C:\\xampp\\htdocs...')
#6 {main}
CRITICAL - 2021-12-15 09:43:35 --> Undefined variable: nameFoto
#0 C:\xampp\htdocs\coralistest\app\Controllers\Register.php(39): CodeIgniter\Debug\Exceptions->errorHandler(8, 'Undefined varia...', 'C:\\xampp\\htdocs...', 39, Array)
#1 C:\xampp\htdocs\coralistest\system\CodeIgniter.php(824): App\Controllers\Register->store()
#2 C:\xampp\htdocs\coralistest\system\CodeIgniter.php(410): CodeIgniter\CodeIgniter->runController(Object(App\Controllers\Register))
#3 C:\xampp\htdocs\coralistest\system\CodeIgniter.php(318): CodeIgniter\CodeIgniter->handleRequest(NULL, Object(Config\Cache), false)
#4 C:\xampp\htdocs\coralistest\public\index.php(37): CodeIgniter\CodeIgniter->run()
#5 C:\xampp\htdocs\coralistest\system\Commands\Server\rewrite.php(43): require_once('C:\\xampp\\htdocs...')
#6 {main}
CRITICAL - 2021-12-15 09:46:21 --> Undefined variable: nameFoto
#0 C:\xampp\htdocs\coralistest\app\Controllers\Register.php(39): CodeIgniter\Debug\Exceptions->errorHandler(8, 'Undefined varia...', 'C:\\xampp\\htdocs...', 39, Array)
#1 C:\xampp\htdocs\coralistest\system\CodeIgniter.php(824): App\Controllers\Register->store()
#2 C:\xampp\htdocs\coralistest\system\CodeIgniter.php(410): CodeIgniter\CodeIgniter->runController(Object(App\Controllers\Register))
#3 C:\xampp\htdocs\coralistest\system\CodeIgniter.php(318): CodeIgniter\CodeIgniter->handleRequest(NULL, Object(Config\Cache), false)
#4 C:\xampp\htdocs\coralistest\public\index.php(37): CodeIgniter\CodeIgniter->run()
#5 C:\xampp\htdocs\coralistest\system\Commands\Server\rewrite.php(43): require_once('C:\\xampp\\htdocs...')
#6 {main}
CRITICAL - 2021-12-15 09:47:27 --> Undefined variable: nameFoto
#0 C:\xampp\htdocs\coralistest\app\Controllers\Register.php(39): CodeIgniter\Debug\Exceptions->errorHandler(8, 'Undefined varia...', 'C:\\xampp\\htdocs...', 39, Array)
#1 C:\xampp\htdocs\coralistest\system\CodeIgniter.php(824): App\Controllers\Register->store()
#2 C:\xampp\htdocs\coralistest\system\CodeIgniter.php(410): CodeIgniter\CodeIgniter->runController(Object(App\Controllers\Register))
#3 C:\xampp\htdocs\coralistest\system\CodeIgniter.php(318): CodeIgniter\CodeIgniter->handleRequest(NULL, Object(Config\Cache), false)
#4 C:\xampp\htdocs\coralistest\public\index.php(37): CodeIgniter\CodeIgniter->run()
#5 C:\xampp\htdocs\coralistest\system\Commands\Server\rewrite.php(43): require_once('C:\\xampp\\htdocs...')
#6 {main}
CRITICAL - 2021-12-15 09:48:16 --> Undefined variable: nameFoto
#0 C:\xampp\htdocs\coralistest\app\Controllers\Register.php(39): CodeIgniter\Debug\Exceptions->errorHandler(8, 'Undefined varia...', 'C:\\xampp\\htdocs...', 39, Array)
#1 C:\xampp\htdocs\coralistest\system\CodeIgniter.php(824): App\Controllers\Register->store()
#2 C:\xampp\htdocs\coralistest\system\CodeIgniter.php(410): CodeIgniter\CodeIgniter->runController(Object(App\Controllers\Register))
#3 C:\xampp\htdocs\coralistest\system\CodeIgniter.php(318): CodeIgniter\CodeIgniter->handleRequest(NULL, Object(Config\Cache), false)
#4 C:\xampp\htdocs\coralistest\public\index.php(37): CodeIgniter\CodeIgniter->run()
#5 C:\xampp\htdocs\coralistest\system\Commands\Server\rewrite.php(43): require_once('C:\\xampp\\htdocs...')
#6 {main}
CRITICAL - 2021-12-15 09:49:07 --> Undefined variable: nameFoto
#0 C:\xampp\htdocs\coralistest\app\Controllers\Register.php(39): CodeIgniter\Debug\Exceptions->errorHandler(8, 'Undefined varia...', 'C:\\xampp\\htdocs...', 39, Array)
#1 C:\xampp\htdocs\coralistest\system\CodeIgniter.php(824): App\Controllers\Register->store()
#2 C:\xampp\htdocs\coralistest\system\CodeIgniter.php(410): CodeIgniter\CodeIgniter->runController(Object(App\Controllers\Register))
#3 C:\xampp\htdocs\coralistest\system\CodeIgniter.php(318): CodeIgniter\CodeIgniter->handleRequest(NULL, Object(Config\Cache), false)
#4 C:\xampp\htdocs\coralistest\public\index.php(37): CodeIgniter\CodeIgniter->run()
#5 C:\xampp\htdocs\coralistest\system\Commands\Server\rewrite.php(43): require_once('C:\\xampp\\htdocs...')
#6 {main}
CRITICAL - 2021-12-15 09:51:15 --> Undefined variable: nameFoto
#0 C:\xampp\htdocs\coralistest\app\Controllers\Register.php(39): CodeIgniter\Debug\Exceptions->errorHandler(8, 'Undefined varia...', 'C:\\xampp\\htdocs...', 39, Array)
#1 C:\xampp\htdocs\coralistest\system\CodeIgniter.php(824): App\Controllers\Register->store()
#2 C:\xampp\htdocs\coralistest\system\CodeIgniter.php(410): CodeIgniter\CodeIgniter->runController(Object(App\Controllers\Register))
#3 C:\xampp\htdocs\coralistest\system\CodeIgniter.php(318): CodeIgniter\CodeIgniter->handleRequest(NULL, Object(Config\Cache), false)
#4 C:\xampp\htdocs\coralistest\public\index.php(37): CodeIgniter\CodeIgniter->run()
#5 C:\xampp\htdocs\coralistest\system\Commands\Server\rewrite.php(43): require_once('C:\\xampp\\htdocs...')
#6 {main}
CRITICAL - 2021-12-15 09:55:08 --> Undefined variable: nameFoto
#0 C:\xampp\htdocs\coralistest\app\Controllers\Register.php(39): CodeIgniter\Debug\Exceptions->errorHandler(8, 'Undefined varia...', 'C:\\xampp\\htdocs...', 39, Array)
#1 C:\xampp\htdocs\coralistest\system\CodeIgniter.php(824): App\Controllers\Register->store()
#2 C:\xampp\htdocs\coralistest\system\CodeIgniter.php(410): CodeIgniter\CodeIgniter->runController(Object(App\Controllers\Register))
#3 C:\xampp\htdocs\coralistest\system\CodeIgniter.php(318): CodeIgniter\CodeIgniter->handleRequest(NULL, Object(Config\Cache), false)
#4 C:\xampp\htdocs\coralistest\public\index.php(37): CodeIgniter\CodeIgniter->run()
#5 C:\xampp\htdocs\coralistest\system\Commands\Server\rewrite.php(43): require_once('C:\\xampp\\htdocs...')
#6 {main}
CRITICAL - 2021-12-15 10:05:06 --> Use of undefined constant PUBLICPATH - assumed 'PUBLICPATH' (this will throw an Error in a future version of PHP)
#0 C:\xampp\htdocs\coralistest\app\Controllers\Register.php(36): CodeIgniter\Debug\Exceptions->errorHandler(2, 'Use of undefine...', 'C:\\xampp\\htdocs...', 36, Array)
#1 C:\xampp\htdocs\coralistest\system\CodeIgniter.php(824): App\Controllers\Register->store()
#2 C:\xampp\htdocs\coralistest\system\CodeIgniter.php(410): CodeIgniter\CodeIgniter->runController(Object(App\Controllers\Register))
#3 C:\xampp\htdocs\coralistest\system\CodeIgniter.php(318): CodeIgniter\CodeIgniter->handleRequest(NULL, Object(Config\Cache), false)
#4 C:\xampp\htdocs\coralistest\public\index.php(37): CodeIgniter\CodeIgniter->run()
#5 C:\xampp\htdocs\coralistest\system\Commands\Server\rewrite.php(43): require_once('C:\\xampp\\htdocs...')
#6 {main}
CRITICAL - 2021-12-15 10:20:52 --> The original file is not a valid file.
#0 C:\xampp\htdocs\coralistest\system\HTTP\Files\UploadedFile.php(137): CodeIgniter\HTTP\Exceptions\HTTPException::forInvalidFile()
#1 C:\xampp\htdocs\coralistest\app\Controllers\Register.php(34): CodeIgniter\HTTP\Files\UploadedFile->move('./img/photoprof...', '1639585252_9cdd...')
#2 C:\xampp\htdocs\coralistest\system\CodeIgniter.php(824): App\Controllers\Register->store()
#3 C:\xampp\htdocs\coralistest\system\CodeIgniter.php(410): CodeIgniter\CodeIgniter->runController(Object(App\Controllers\Register))
#4 C:\xampp\htdocs\coralistest\system\CodeIgniter.php(318): CodeIgniter\CodeIgniter->handleRequest(NULL, Object(Config\Cache), false)
#5 C:\xampp\htdocs\coralistest\public\index.php(37): CodeIgniter\CodeIgniter->run()
#6 C:\xampp\htdocs\coralistest\system\Commands\Server\rewrite.php(43): require_once('C:\\xampp\\htdocs...')
#7 {main}
CRITICAL - 2021-12-15 20:54:51 --> syntax error, unexpected '?>', expecting identifier (T_STRING) or variable (T_VARIABLE) or '{' or '$'
#0 C:\xampp\htdocs\coralistest\system\View\View.php(217): CodeIgniter\View\View->CodeIgniter\View\{closure}()
#1 C:\xampp\htdocs\coralistest\system\Common.php(1097): CodeIgniter\View\View->render('pages/v_dashboa...', Array, true)
#2 C:\xampp\htdocs\coralistest\app\Controllers\Dashboard.php(15): view('pages/v_dashboa...', Array)
#3 C:\xampp\htdocs\coralistest\system\CodeIgniter.php(824): App\Controllers\Dashboard->index()
#4 C:\xampp\htdocs\coralistest\system\CodeIgniter.php(410): CodeIgniter\CodeIgniter->runController(Object(App\Controllers\Dashboard))
#5 C:\xampp\htdocs\coralistest\system\CodeIgniter.php(318): CodeIgniter\CodeIgniter->handleRequest(NULL, Object(Config\Cache), false)
#6 C:\xampp\htdocs\coralistest\public\index.php(37): CodeIgniter\CodeIgniter->run()
#7 C:\xampp\htdocs\coralistest\system\Commands\Server\rewrite.php(43): require_once('C:\\xampp\\htdocs...')
#8 {main}
ERROR - 2021-12-15 21:36:28 --> Email: sendWithMail throwed mail(): Failed to connect to mailserver at &quot;smtp.gmail.com&quot; port 587, verify your &quot;SMTP&quot; and &quot;smtp_port&quot; setting in php.ini or use ini_set()
CRITICAL - 2021-12-15 21:40:02 --> The original file is not a valid file.
#0 C:\xampp\htdocs\coralistest\system\HTTP\Files\UploadedFile.php(137): CodeIgniter\HTTP\Exceptions\HTTPException::forInvalidFile()
#1 C:\xampp\htdocs\coralistest\app\Controllers\Register.php(34): CodeIgniter\HTTP\Files\UploadedFile->move('./img/photoprof...', '1639626002_aa97...')
#2 C:\xampp\htdocs\coralistest\system\CodeIgniter.php(824): App\Controllers\Register->store()
#3 C:\xampp\htdocs\coralistest\system\CodeIgniter.php(410): CodeIgniter\CodeIgniter->runController(Object(App\Controllers\Register))
#4 C:\xampp\htdocs\coralistest\system\CodeIgniter.php(318): CodeIgniter\CodeIgniter->handleRequest(NULL, Object(Config\Cache), false)
#5 C:\xampp\htdocs\coralistest\public\index.php(37): CodeIgniter\CodeIgniter->run()
#6 C:\xampp\htdocs\coralistest\system\Commands\Server\rewrite.php(43): require_once('C:\\xampp\\htdocs...')
#7 {main}
